<?xml version="1.0" encoding="UTF-8"?>
<testng-results ignored="0" total="0" passed="0" failed="0" skipped="0">
  <reporter-output>
  </reporter-output>
  <suite started-at="2024-09-17T15:40:38 IST" name="Suite" finished-at="2024-09-17T15:40:38 IST" duration-ms="0">
    <groups>
      <group name="regression">
        <method signature="TC002_Login_Test.TC002_LoginTest()[pri:0, instance:testCase.TC002_Login_Test@3b2c0e88]" name="TC002_LoginTest" class="testCase.TC002_Login_Test"/>
      </group> <!-- regression -->
      <group name="sanity">
        <method signature="TC001_AccountRegistrerationTest.TC001_verify_account_registration()[pri:1, instance:testCase.TC001_AccountRegistrerationTest@1e7aa82b]" name="TC001_verify_account_registration" class="testCase.TC001_AccountRegistrerationTest"/>
      </group> <!-- sanity -->
      <group name="master">
        <method signature="TC002_Login_Test.TC002_LoginTest()[pri:0, instance:testCase.TC002_Login_Test@3b2c0e88]" name="TC002_LoginTest" class="testCase.TC002_Login_Test"/>
        <method signature="TC001_AccountRegistrerationTest.TC001_verify_account_registration()[pri:1, instance:testCase.TC001_AccountRegistrerationTest@1e7aa82b]" name="TC001_verify_account_registration" class="testCase.TC001_AccountRegistrerationTest"/>
      </group> <!-- master -->
    </groups>
  </suite> <!-- Suite -->
</testng-results>
